This file contains any messages produced by compilers while
running configure, to aid debugging if configure makes a mistake.

It was created by univalue configure 1.0.2, which was
generated by GNU Autoconf 2.69.  Invocation command line was

  $ ./configure --disable-option-checking --prefix=/usr/local --disable-shared --with-pic --with-bignum=no --enable-module-recovery --disable-jni --cache-file=/dev/null --srcdir=.

## --------- ##
## Platform. ##
## --------- ##

hostname = chaintopes-MacBook-Pro.local
uname -m = x86_64
uname -r = 17.4.0
uname -s = Darwin
uname -v = Darwin Kernel Version 17.4.0: Sun Dec 17 09:19:54 PST 2017; root:xnu-4570.41.2~1/RELEASE_X86_64

/usr/bin/uname -p = i386
/bin/uname -X     = unknown

/bin/arch              = unknown
/usr/bin/arch -k       = unknown
/usr/convex/getsysinfo = unknown
/usr/bin/hostinfo      = Mach kernel version:
	 Darwin Kernel Version 17.4.0: Sun Dec 17 09:19:54 PST 2017; root:xnu-4570.41.2~1/RELEASE_X86_64
Kernel configured for up to 4 processors.
2 processors are physically available.
4 processors are logically available.
Processor type: x86_64h (Intel x86-64h Haswell)
Processors active: 0 1 2 3
Primary memory available: 16.00 gigabytes
Default processor set: 412 tasks, 1642 threads, 4 processors
Load average: 2.84, Mach factor: 1.18
/bin/machine           = unknown
/usr/bin/oslevel       = unknown
/bin/universe          = unknown

PATH: /Users/chaintope/.rbenv/shims
PATH: /usr/local/bin
PATH: /usr/bin
PATH: /bin
PATH: /usr/sbin
PATH: /sbin


## ----------- ##
## Core tests. ##
## ----------- ##

configure:2266: checking whether make supports nested variables
configure:2283: result: yes
configure:2345: checking for a BSD-compatible install
configure:2413: result: /usr/bin/install -c
configure:2424: checking whether build environment is sane
configure:2479: result: yes
configure:2630: checking for a thread-safe mkdir -p
configure:2669: result: build-aux/install-sh -c -d
configure:2676: checking for gawk
configure:2706: result: no
configure:2676: checking for mawk
configure:2706: result: no
configure:2676: checking for nawk
configure:2706: result: no
configure:2676: checking for awk
configure:2692: found /usr/bin/awk
configure:2703: result: awk
configure:2714: checking whether make sets $(MAKE)
configure:2736: result: yes
configure:2913: checking build system type
configure:2927: result: x86_64-apple-darwin17.4.0
configure:2947: checking host system type
configure:2960: result: x86_64-apple-darwin17.4.0
configure:3001: checking how to print strings
configure:3028: result: printf
configure:3061: checking for style of include used by make
configure:3089: result: GNU
configure:3160: checking for gcc
configure:3176: found /usr/bin/gcc
configure:3187: result: gcc
configure:3416: checking for C compiler version
configure:3425: gcc --version >&5
Apple LLVM version 9.1.0 (clang-902.0.39.1)
Target: x86_64-apple-darwin17.4.0
Thread model: posix
InstalledDir: /Library/Developer/CommandLineTools/usr/bin
Configured with: --prefix=/Library/Developer/CommandLineTools/usr --with-gxx-include-dir=/usr/include/c++/4.2.1
configure:3436: $? = 0
configure:3425: gcc -v >&5
Configured with: --prefix=/Library/Developer/CommandLineTools/usr --with-gxx-include-dir=/usr/include/c++/4.2.1
Apple LLVM version 9.1.0 (clang-902.0.39.1)
Target: x86_64-apple-darwin17.4.0
Thread model: posix
InstalledDir: /Library/Developer/CommandLineTools/usr/bin
configure:3436: $? = 0
configure:3425: gcc -V >&5
clang: error: argument to '-V' is missing (expected 1 value)
clang: error: no input files
configure:3436: $? = 1
configure:3425: gcc -qversion >&5
clang: error: unknown argument: '-qversion'
clang: error: no input files
configure:3436: $? = 1
configure:3456: checking whether the C compiler works
configure:3478: gcc    conftest.c  >&5
configure:3482: $? = 0
configure:3530: result: yes
configure:3533: checking for C compiler default output file name
configure:3535: result: a.out
configure:3541: checking for suffix of executables
configure:3548: gcc -o conftest    conftest.c  >&5
configure:3552: $? = 0
configure:3574: result: 
configure:3596: checking whether we are cross compiling
configure:3604: gcc -o conftest    conftest.c  >&5
configure:3608: $? = 0
configure:3615: ./conftest
configure:3619: $? = 0
configure:3634: result: no
configure:3639: checking for suffix of object files
configure:3661: gcc -c   conftest.c >&5
configure:3665: $? = 0
configure:3686: result: o
configure:3690: checking whether we are using the GNU C compiler
configure:3709: gcc -c   conftest.c >&5
configure:3709: $? = 0
configure:3718: result: yes
configure:3727: checking whether gcc accepts -g
configure:3747: gcc -c -g  conftest.c >&5
configure:3747: $? = 0
configure:3788: result: yes
configure:3805: checking for gcc option to accept ISO C89
configure:3868: gcc  -c -g -O2  conftest.c >&5
configure:3868: $? = 0
configure:3881: result: none needed
configure:3906: checking whether gcc understands -c and -o together
configure:3928: gcc -c conftest.c -o conftest2.o
configure:3931: $? = 0
configure:3928: gcc -c conftest.c -o conftest2.o
configure:3931: $? = 0
configure:3943: result: yes
configure:3962: checking dependency style of gcc
configure:4073: result: gcc3
configure:4088: checking for a sed that does not truncate output
configure:4152: result: /usr/bin/sed
configure:4170: checking for grep that handles long lines and -e
configure:4228: result: /usr/bin/grep
configure:4233: checking for egrep
configure:4295: result: /usr/bin/grep -E
configure:4300: checking for fgrep
configure:4362: result: /usr/bin/grep -F
configure:4397: checking for ld used by gcc
configure:4464: result: /Library/Developer/CommandLineTools/usr/bin/ld
configure:4471: checking if the linker (/Library/Developer/CommandLineTools/usr/bin/ld) is GNU ld
configure:4486: result: no
configure:4498: checking for BSD- or MS-compatible name lister (nm)
configure:4547: result: /usr/bin/nm -B
configure:4677: checking the name lister (/usr/bin/nm -B) interface
configure:4684: gcc -c -g -O2  conftest.c >&5
configure:4687: /usr/bin/nm -B "conftest.o"
configure:4690: output
00000000000001dc S _some_variable
configure:4697: result: BSD nm
configure:4700: checking whether ln -s works
configure:4704: result: yes
configure:4712: checking the maximum length of command line arguments
configure:4843: result: 196608
configure:4860: checking whether the shell understands some XSI constructs
configure:4870: result: yes
configure:4874: checking whether the shell understands "+="
configure:4880: result: yes
configure:4915: checking how to convert x86_64-apple-darwin17.4.0 file names to x86_64-apple-darwin17.4.0 format
configure:4955: result: func_convert_file_noop
configure:4962: checking how to convert x86_64-apple-darwin17.4.0 file names to toolchain format
configure:4982: result: func_convert_file_noop
configure:4989: checking for /Library/Developer/CommandLineTools/usr/bin/ld option to reload object files
configure:4996: result: -r
configure:5070: checking for objdump
configure:5086: found /usr/bin/objdump
configure:5097: result: objdump
configure:5129: checking how to recognize dependent libraries
configure:5327: result: pass_all
configure:5412: checking for dlltool
configure:5442: result: no
configure:5472: checking how to associate runtime and link libraries
configure:5499: result: printf %s\n
configure:5560: checking for ar
configure:5576: found /usr/bin/ar
configure:5587: result: ar
configure:5624: checking for archiver @FILE support
configure:5641: gcc -c -g -O2  conftest.c >&5
configure:5641: $? = 0
configure:5644: ar cru libconftest.a @conftest.lst >&5
ar: @conftest.lst: No such file or directory
configure:5647: $? = 1
configure:5667: result: no
configure:5725: checking for strip
configure:5741: found /usr/bin/strip
configure:5752: result: strip
configure:5824: checking for ranlib
configure:5840: found /usr/bin/ranlib
configure:5851: result: ranlib
configure:5953: checking command to parse /usr/bin/nm -B output from gcc object
configure:6073: gcc -c -g -O2  conftest.c >&5
configure:6076: $? = 0
configure:6080: /usr/bin/nm -B conftest.o \| sed -n -e 's/^.*[ ]\([BCDEGRST][BCDEGRST]*\)[ ][ ]*\([_A-Za-z][_A-Za-z0-9]*\)$/\1 \2 \2/p' | sed '/ __gnu_lto/d' \> conftest.nm
configure:6083: $? = 0
cannot find nm_test_var in conftest.nm
configure:6073: gcc -c -g -O2  conftest.c >&5
configure:6076: $? = 0
configure:6080: /usr/bin/nm -B conftest.o \| sed -n -e 's/^.*[ ]\([BCDEGRST][BCDEGRST]*\)[ ][ ]*_\([_A-Za-z][_A-Za-z0-9]*\)$/\1 _\2 \2/p' | sed '/ __gnu_lto/d' \> conftest.nm
configure:6083: $? = 0
configure:6149: gcc -o conftest -g -O2   conftest.c conftstm.o >&5
warning: (x86_64)  could not find object file symbol for symbol _main
configure:6152: $? = 0
configure:6190: result: ok
configure:6227: checking for sysroot
configure:6257: result: no
configure:6526: checking for mt
configure:6556: result: no
configure:6576: checking if : is a manifest tool
configure:6582: : '-?'
configure:6590: result: no
configure:6646: checking for dsymutil
configure:6662: found /usr/bin/dsymutil
configure:6673: result: dsymutil
configure:6738: checking for nmedit
configure:6754: found /usr/bin/nmedit
configure:6765: result: nmedit
configure:6830: checking for lipo
configure:6846: found /usr/bin/lipo
configure:6857: result: lipo
configure:6922: checking for otool
configure:6938: found /usr/bin/otool
configure:6949: result: otool
configure:7014: checking for otool64
configure:7044: result: no
configure:7089: checking for -single_module linker flag
gcc -g -O2  -o libconftest.dylib -dynamiclib -Wl,-single_module conftest.c
configure:7122: result: yes
configure:7125: checking for -exported_symbols_list linker flag
configure:7145: gcc -o conftest -g -O2   -Wl,-exported_symbols_list,conftest.sym conftest.c  >&5
configure:7145: $? = 0
configure:7155: result: yes
configure:7158: checking for -force_load linker flag
gcc -g -O2 -c -o conftest.o conftest.c
ar cru libconftest.a conftest.o
ranlib libconftest.a
gcc -g -O2  -o conftest conftest.c -Wl,-force_load,./libconftest.a
configure:7190: result: yes
configure:7232: checking how to run the C preprocessor
configure:7263: gcc -E  conftest.c
configure:7263: $? = 0
configure:7277: gcc -E  conftest.c
conftest.c:11:10: fatal error: 'ac_nonexistent.h' file not found
#include <ac_nonexistent.h>
         ^~~~~~~~~~~~~~~~~~
1 error generated.
configure:7277: $? = 1
configure: failed program was:
| /* confdefs.h */
| #define PACKAGE_NAME "univalue"
| #define PACKAGE_TARNAME "univalue"
| #define PACKAGE_VERSION "1.0.2"
| #define PACKAGE_STRING "univalue 1.0.2"
| #define PACKAGE_BUGREPORT "http://github.com/jgarzik/univalue/"
| #define PACKAGE_URL ""
| #define PACKAGE "univalue"
| #define VERSION "1.0.2"
| /* end confdefs.h.  */
| #include <ac_nonexistent.h>
configure:7302: result: gcc -E
configure:7322: gcc -E  conftest.c
configure:7322: $? = 0
configure:7336: gcc -E  conftest.c
conftest.c:11:10: fatal error: 'ac_nonexistent.h' file not found
#include <ac_nonexistent.h>
         ^~~~~~~~~~~~~~~~~~
1 error generated.
configure:7336: $? = 1
configure: failed program was:
| /* confdefs.h */
| #define PACKAGE_NAME "univalue"
| #define PACKAGE_TARNAME "univalue"
| #define PACKAGE_VERSION "1.0.2"
| #define PACKAGE_STRING "univalue 1.0.2"
| #define PACKAGE_BUGREPORT "http://github.com/jgarzik/univalue/"
| #define PACKAGE_URL ""
| #define PACKAGE "univalue"
| #define VERSION "1.0.2"
| /* end confdefs.h.  */
| #include <ac_nonexistent.h>
configure:7365: checking for ANSI C header files
configure:7385: gcc -c -g -O2  conftest.c >&5
configure:7385: $? = 0
configure:7458: gcc -o conftest -g -O2   conftest.c  >&5
configure:7458: $? = 0
configure:7458: ./conftest
configure:7458: $? = 0
configure:7469: result: yes
configure:7482: checking for sys/types.h
configure:7482: gcc -c -g -O2  conftest.c >&5
configure:7482: $? = 0
configure:7482: result: yes
configure:7482: checking for sys/stat.h
configure:7482: gcc -c -g -O2  conftest.c >&5
configure:7482: $? = 0
configure:7482: result: yes
configure:7482: checking for stdlib.h
configure:7482: gcc -c -g -O2  conftest.c >&5
configure:7482: $? = 0
configure:7482: result: yes
configure:7482: checking for string.h
configure:7482: gcc -c -g -O2  conftest.c >&5
configure:7482: $? = 0
configure:7482: result: yes
configure:7482: checking for memory.h
configure:7482: gcc -c -g -O2  conftest.c >&5
configure:7482: $? = 0
configure:7482: result: yes
configure:7482: checking for strings.h
configure:7482: gcc -c -g -O2  conftest.c >&5
configure:7482: $? = 0
configure:7482: result: yes
configure:7482: checking for inttypes.h
configure:7482: gcc -c -g -O2  conftest.c >&5
configure:7482: $? = 0
configure:7482: result: yes
configure:7482: checking for stdint.h
configure:7482: gcc -c -g -O2  conftest.c >&5
configure:7482: $? = 0
configure:7482: result: yes
configure:7482: checking for unistd.h
configure:7482: gcc -c -g -O2  conftest.c >&5
configure:7482: $? = 0
configure:7482: result: yes
configure:7496: checking for dlfcn.h
configure:7496: gcc -c -g -O2  conftest.c >&5
configure:7496: $? = 0
configure:7496: result: yes
configure:7702: checking for objdir
configure:7717: result: .libs
configure:7988: checking if gcc supports -fno-rtti -fno-exceptions
configure:8006: gcc -c -g -O2  -fno-rtti -fno-exceptions conftest.c >&5
configure:8010: $? = 0
configure:8023: result: yes
configure:8350: checking for gcc option to produce PIC
configure:8357: result: -fno-common -DPIC
configure:8365: checking if gcc PIC flag -fno-common -DPIC works
configure:8383: gcc -c -g -O2  -fno-common -DPIC -DPIC conftest.c >&5
configure:8387: $? = 0
configure:8400: result: yes
configure:8429: checking if gcc static flag -static works
configure:8457: result: no
configure:8472: checking if gcc supports -c -o file.o
configure:8493: gcc -c -g -O2  -o out/conftest2.o conftest.c >&5
configure:8497: $? = 0
configure:8519: result: yes
configure:8527: checking if gcc supports -c -o file.o
configure:8574: result: yes
configure:8607: checking whether the gcc linker (/Library/Developer/CommandLineTools/usr/bin/ld) supports shared libraries
configure:9764: result: yes
configure:10004: checking dynamic linker characteristics
configure:10738: result: darwin17.4.0 dyld
configure:10845: checking how to hardcode library paths into programs
configure:10870: result: immediate
configure:11410: checking whether stripping libraries is possible
configure:11424: result: yes
configure:11450: checking if libtool supports shared libraries
configure:11452: result: yes
configure:11455: checking whether to build shared libraries
configure:11476: result: no
configure:11479: checking whether to build static libraries
configure:11483: result: yes
configure:11578: checking for g++
configure:11594: found /usr/bin/g++
configure:11605: result: g++
configure:11632: checking for C++ compiler version
configure:11641: g++ --version >&5
Apple LLVM version 9.1.0 (clang-902.0.39.1)
Target: x86_64-apple-darwin17.4.0
Thread model: posix
InstalledDir: /Library/Developer/CommandLineTools/usr/bin
Configured with: --prefix=/Library/Developer/CommandLineTools/usr --with-gxx-include-dir=/usr/include/c++/4.2.1
configure:11652: $? = 0
configure:11641: g++ -v >&5
Configured with: --prefix=/Library/Developer/CommandLineTools/usr --with-gxx-include-dir=/usr/include/c++/4.2.1
Apple LLVM version 9.1.0 (clang-902.0.39.1)
Target: x86_64-apple-darwin17.4.0
Thread model: posix
InstalledDir: /Library/Developer/CommandLineTools/usr/bin
configure:11652: $? = 0
configure:11641: g++ -V >&5
clang: error: argument to '-V' is missing (expected 1 value)
clang: error: no input files
configure:11652: $? = 1
configure:11641: g++ -qversion >&5
clang: error: unknown argument: '-qversion'
clang: error: no input files
configure:11652: $? = 1
configure:11656: checking whether we are using the GNU C++ compiler
configure:11675: g++ -c   conftest.cpp >&5
configure:11675: $? = 0
configure:11684: result: yes
configure:11693: checking whether g++ accepts -g
configure:11713: g++ -c -g  conftest.cpp >&5
configure:11713: $? = 0
configure:11754: result: yes
configure:11779: checking dependency style of g++
configure:11890: result: gcc3
configure:11924: checking how to run the C++ preprocessor
configure:11951: g++ -E  conftest.cpp
configure:11951: $? = 0
configure:11965: g++ -E  conftest.cpp
conftest.cpp:23:10: fatal error: 'ac_nonexistent.h' file not found
#include <ac_nonexistent.h>
         ^~~~~~~~~~~~~~~~~~
1 error generated.
configure:11965: $? = 1
configure: failed program was:
| /* confdefs.h */
| #define PACKAGE_NAME "univalue"
| #define PACKAGE_TARNAME "univalue"
| #define PACKAGE_VERSION "1.0.2"
| #define PACKAGE_STRING "univalue 1.0.2"
| #define PACKAGE_BUGREPORT "http://github.com/jgarzik/univalue/"
| #define PACKAGE_URL ""
| #define PACKAGE "univalue"
| #define VERSION "1.0.2"
| #define STDC_HEADERS 1
| #define HAVE_SYS_TYPES_H 1
| #define HAVE_SYS_STAT_H 1
| #define HAVE_STDLIB_H 1
| #define HAVE_STRING_H 1
| #define HAVE_MEMORY_H 1
| #define HAVE_STRINGS_H 1
| #define HAVE_INTTYPES_H 1
| #define HAVE_STDINT_H 1
| #define HAVE_UNISTD_H 1
| #define HAVE_DLFCN_H 1
| #define LT_OBJDIR ".libs/"
| /* end confdefs.h.  */
| #include <ac_nonexistent.h>
configure:11990: result: g++ -E
configure:12010: g++ -E  conftest.cpp
configure:12010: $? = 0
configure:12024: g++ -E  conftest.cpp
conftest.cpp:23:10: fatal error: 'ac_nonexistent.h' file not found
#include <ac_nonexistent.h>
         ^~~~~~~~~~~~~~~~~~
1 error generated.
configure:12024: $? = 1
configure: failed program was:
| /* confdefs.h */
| #define PACKAGE_NAME "univalue"
| #define PACKAGE_TARNAME "univalue"
| #define PACKAGE_VERSION "1.0.2"
| #define PACKAGE_STRING "univalue 1.0.2"
| #define PACKAGE_BUGREPORT "http://github.com/jgarzik/univalue/"
| #define PACKAGE_URL ""
| #define PACKAGE "univalue"
| #define VERSION "1.0.2"
| #define STDC_HEADERS 1
| #define HAVE_SYS_TYPES_H 1
| #define HAVE_SYS_STAT_H 1
| #define HAVE_STDLIB_H 1
| #define HAVE_STRING_H 1
| #define HAVE_MEMORY_H 1
| #define HAVE_STRINGS_H 1
| #define HAVE_INTTYPES_H 1
| #define HAVE_STDINT_H 1
| #define HAVE_UNISTD_H 1
| #define HAVE_DLFCN_H 1
| #define LT_OBJDIR ".libs/"
| /* end confdefs.h.  */
| #include <ac_nonexistent.h>
configure:12193: checking for ld used by g++
configure:12260: result: /Library/Developer/CommandLineTools/usr/bin/ld
configure:12267: checking if the linker (/Library/Developer/CommandLineTools/usr/bin/ld) is GNU ld
configure:12282: result: no
configure:12337: checking whether the g++ linker (/Library/Developer/CommandLineTools/usr/bin/ld) supports shared libraries
configure:13339: result: yes
configure:13375: g++ -c -g -O2  conftest.cpp >&5
configure:13378: $? = 0
configure:13898: checking for g++ option to produce PIC
configure:13905: result: -fno-common -DPIC
configure:13913: checking if g++ PIC flag -fno-common -DPIC works
configure:13931: g++ -c -g -O2  -fno-common -DPIC -DPIC conftest.cpp >&5
configure:13935: $? = 0
configure:13948: result: yes
configure:13971: checking if g++ static flag -static works
configure:13999: result: no
configure:14011: checking if g++ supports -c -o file.o
configure:14032: g++ -c -g -O2  -o out/conftest2.o conftest.cpp >&5
configure:14036: $? = 0
configure:14058: result: yes
configure:14063: checking if g++ supports -c -o file.o
configure:14110: result: yes
configure:14140: checking whether the g++ linker (/Library/Developer/CommandLineTools/usr/bin/ld) supports shared libraries
configure:14179: result: yes
configure:14320: checking dynamic linker characteristics
configure:14988: result: darwin17.4.0 dyld
configure:15041: checking how to hardcode library paths into programs
configure:15066: result: immediate
configure:15234: checking that generated files are newer than configure
configure:15240: result: done
configure:15267: creating ./config.status

## ---------------------- ##
## Running config.status. ##
## ---------------------- ##

This file was extended by univalue config.status 1.0.2, which was
generated by GNU Autoconf 2.69.  Invocation command line was

  CONFIG_FILES    = 
  CONFIG_HEADERS  = 
  CONFIG_LINKS    = 
  CONFIG_COMMANDS = 
  $ ./config.status 

on chaintopes-MacBook-Pro.local

config.status:1147: creating Makefile
config.status:1147: creating pc/libunivalue.pc
config.status:1147: creating pc/libunivalue-uninstalled.pc
config.status:1147: creating univalue-config.h
config.status:1328: univalue-config.h is unchanged
config.status:1376: executing depfiles commands
config.status:1376: executing libtool commands

## ---------------- ##
## Cache variables. ##
## ---------------- ##

ac_cv_build=x86_64-apple-darwin17.4.0
ac_cv_c_compiler_gnu=yes
ac_cv_cxx_compiler_gnu=yes
ac_cv_env_CCC_set=
ac_cv_env_CCC_value=
ac_cv_env_CC_set=
ac_cv_env_CC_value=
ac_cv_env_CFLAGS_set=
ac_cv_env_CFLAGS_value=
ac_cv_env_CPPFLAGS_set=
ac_cv_env_CPPFLAGS_value=
ac_cv_env_CPP_set=
ac_cv_env_CPP_value=
ac_cv_env_CXXCPP_set=
ac_cv_env_CXXCPP_value=
ac_cv_env_CXXFLAGS_set=
ac_cv_env_CXXFLAGS_value=
ac_cv_env_CXX_set=
ac_cv_env_CXX_value=
ac_cv_env_LDFLAGS_set=
ac_cv_env_LDFLAGS_value=
ac_cv_env_LIBS_set=
ac_cv_env_LIBS_value=
ac_cv_env_build_alias_set=
ac_cv_env_build_alias_value=
ac_cv_env_host_alias_set=
ac_cv_env_host_alias_value=
ac_cv_env_target_alias_set=
ac_cv_env_target_alias_value=
ac_cv_header_dlfcn_h=yes
ac_cv_header_inttypes_h=yes
ac_cv_header_memory_h=yes
ac_cv_header_stdc=yes
ac_cv_header_stdint_h=yes
ac_cv_header_stdlib_h=yes
ac_cv_header_string_h=yes
ac_cv_header_strings_h=yes
ac_cv_header_sys_stat_h=yes
ac_cv_header_sys_types_h=yes
ac_cv_header_unistd_h=yes
ac_cv_host=x86_64-apple-darwin17.4.0
ac_cv_objext=o
ac_cv_path_EGREP='/usr/bin/grep -E'
ac_cv_path_FGREP='/usr/bin/grep -F'
ac_cv_path_GREP=/usr/bin/grep
ac_cv_path_SED=/usr/bin/sed
ac_cv_path_install='/usr/bin/install -c'
ac_cv_prog_AWK=awk
ac_cv_prog_CPP='gcc -E'
ac_cv_prog_CXXCPP='g++ -E'
ac_cv_prog_ac_ct_AR=ar
ac_cv_prog_ac_ct_CC=gcc
ac_cv_prog_ac_ct_CXX=g++
ac_cv_prog_ac_ct_DSYMUTIL=dsymutil
ac_cv_prog_ac_ct_LIPO=lipo
ac_cv_prog_ac_ct_NMEDIT=nmedit
ac_cv_prog_ac_ct_OBJDUMP=objdump
ac_cv_prog_ac_ct_OTOOL=otool
ac_cv_prog_ac_ct_RANLIB=ranlib
ac_cv_prog_ac_ct_STRIP=strip
ac_cv_prog_cc_c89=
ac_cv_prog_cc_g=yes
ac_cv_prog_cxx_g=yes
ac_cv_prog_make_make_set=yes
am_cv_CC_dependencies_compiler_type=gcc3
am_cv_CXX_dependencies_compiler_type=gcc3
am_cv_make_support_nested_variables=yes
am_cv_prog_cc_c_o=yes
lt_cv_apple_cc_single_mod=yes
lt_cv_ar_at_file=no
lt_cv_deplibs_check_method=pass_all
lt_cv_file_magic_cmd='$MAGIC_CMD'
lt_cv_file_magic_test_file=
lt_cv_ld_exported_symbols_list=yes
lt_cv_ld_force_load=yes
lt_cv_ld_reload_flag=-r
lt_cv_nm_interface='BSD nm'
lt_cv_objdir=.libs
lt_cv_path_LD=/Library/Developer/CommandLineTools/usr/bin/ld
lt_cv_path_LDCXX=/Library/Developer/CommandLineTools/usr/bin/ld
lt_cv_path_NM='/usr/bin/nm -B'
lt_cv_path_mainfest_tool=no
lt_cv_prog_compiler_c_o=yes
lt_cv_prog_compiler_c_o_CXX=yes
lt_cv_prog_compiler_pic='-fno-common -DPIC'
lt_cv_prog_compiler_pic_CXX='-fno-common -DPIC'
lt_cv_prog_compiler_pic_works=yes
lt_cv_prog_compiler_pic_works_CXX=yes
lt_cv_prog_compiler_rtti_exceptions=yes
lt_cv_prog_compiler_static_works=no
lt_cv_prog_compiler_static_works_CXX=no
lt_cv_prog_gnu_ld=no
lt_cv_prog_gnu_ldcxx=no
lt_cv_sharedlib_from_linklib_cmd='printf %s\n'
lt_cv_sys_global_symbol_pipe='sed -n -e '\''s/^.*[	 ]\([BCDEGRST][BCDEGRST]*\)[	 ][	 ]*_\([_A-Za-z][_A-Za-z0-9]*\)$/\1 _\2 \2/p'\'' | sed '\''/ __gnu_lto/d'\'''
lt_cv_sys_global_symbol_to_c_name_address='sed -n -e '\''s/^: \([^ ]*\)[ ]*$/  {\"\1\", (void *) 0},/p'\'' -e '\''s/^[BCDEGRST]* \([^ ]*\) \([^ ]*\)$/  {"\2", (void *) \&\2},/p'\'''
lt_cv_sys_global_symbol_to_c_name_address_lib_prefix='sed -n -e '\''s/^: \([^ ]*\)[ ]*$/  {\"\1\", (void *) 0},/p'\'' -e '\''s/^[BCDEGRST]* \([^ ]*\) \(lib[^ ]*\)$/  {"\2", (void *) \&\2},/p'\'' -e '\''s/^[BCDEGRST]* \([^ ]*\) \([^ ]*\)$/  {"lib\2", (void *) \&\2},/p'\'''
lt_cv_sys_global_symbol_to_cdecl='sed -n -e '\''s/^T .* \(.*\)$/extern int \1();/p'\'' -e '\''s/^[BCDEGRST]* .* \(.*\)$/extern char \1;/p'\'''
lt_cv_sys_max_cmd_len=196608
lt_cv_to_host_file_cmd=func_convert_file_noop
lt_cv_to_tool_file_cmd=func_convert_file_noop

## ----------------- ##
## Output variables. ##
## ----------------- ##

ACLOCAL='${SHELL} /Users/chaintope/work/bitcoin-0.15.1/src/univalue/build-aux/missing aclocal-1.14'
AMDEPBACKSLASH='\'
AMDEP_FALSE='#'
AMDEP_TRUE=''
AMTAR='$${TAR-tar}'
AM_BACKSLASH='\'
AM_DEFAULT_V='$(AM_DEFAULT_VERBOSITY)'
AM_DEFAULT_VERBOSITY='0'
AM_V='$(V)'
AR='ar'
AUTOCONF='${SHELL} /Users/chaintope/work/bitcoin-0.15.1/src/univalue/build-aux/missing autoconf'
AUTOHEADER='${SHELL} /Users/chaintope/work/bitcoin-0.15.1/src/univalue/build-aux/missing autoheader'
AUTOMAKE='${SHELL} /Users/chaintope/work/bitcoin-0.15.1/src/univalue/build-aux/missing automake-1.14'
AWK='awk'
BUILD_EXEEXT=''
CC='gcc'
CCDEPMODE='depmode=gcc3'
CFLAGS='-g -O2'
CPP='gcc -E'
CPPFLAGS=''
CXX='g++'
CXXCPP='g++ -E'
CXXDEPMODE='depmode=gcc3'
CXXFLAGS='-g -O2'
CYGPATH_W='echo'
DEFS='-DHAVE_CONFIG_H'
DEPDIR='.deps'
DLLTOOL='false'
DSYMUTIL='dsymutil'
DUMPBIN=''
ECHO_C='\c'
ECHO_N=''
ECHO_T=''
EGREP='/usr/bin/grep -E'
EXEEXT=''
FGREP='/usr/bin/grep -F'
GREP='/usr/bin/grep'
INSTALL_DATA='${INSTALL} -m 644'
INSTALL_PROGRAM='${INSTALL}'
INSTALL_SCRIPT='${INSTALL}'
INSTALL_STRIP_PROGRAM='$(install_sh) -c -s'
LD='/Library/Developer/CommandLineTools/usr/bin/ld'
LDFLAGS=''
LIBOBJS=''
LIBS=''
LIBTOOL='$(SHELL) $(top_builddir)/libtool'
LIBTOOL_APP_LDFLAGS=''
LIBUNIVALUE_AGE='100'
LIBUNIVALUE_CURRENT='100'
LIBUNIVALUE_REVISION='2'
LIPO='lipo'
LN_S='ln -s'
LTLIBOBJS=''
MAKEINFO='${SHELL} /Users/chaintope/work/bitcoin-0.15.1/src/univalue/build-aux/missing makeinfo'
MANIFEST_TOOL=':'
MKDIR_P='build-aux/install-sh -c -d'
NM='/usr/bin/nm -B'
NMEDIT='nmedit'
OBJDUMP='objdump'
OBJEXT='o'
OTOOL64=':'
OTOOL='otool'
PACKAGE='univalue'
PACKAGE_BUGREPORT='http://github.com/jgarzik/univalue/'
PACKAGE_NAME='univalue'
PACKAGE_STRING='univalue 1.0.2'
PACKAGE_TARNAME='univalue'
PACKAGE_URL=''
PACKAGE_VERSION='1.0.2'
PATH_SEPARATOR=':'
RANLIB='ranlib'
SED='/usr/bin/sed'
SET_MAKE=''
SHELL='/bin/sh'
STRIP='strip'
VERSION='1.0.2'
ac_ct_AR='ar'
ac_ct_CC='gcc'
ac_ct_CXX='g++'
ac_ct_DUMPBIN=''
am__EXEEXT_FALSE=''
am__EXEEXT_TRUE='#'
am__fastdepCC_FALSE='#'
am__fastdepCC_TRUE=''
am__fastdepCXX_FALSE='#'
am__fastdepCXX_TRUE=''
am__include='include'
am__isrc=''
am__leading_dot='.'
am__nodep='_no'
am__quote=''
am__tar='$${TAR-tar} chof - "$$tardir"'
am__untar='$${TAR-tar} xf -'
bindir='${exec_prefix}/bin'
build='x86_64-apple-darwin17.4.0'
build_alias=''
build_cpu='x86_64'
build_os='darwin17.4.0'
build_vendor='apple'
datadir='${datarootdir}'
datarootdir='${prefix}/share'
docdir='${datarootdir}/doc/${PACKAGE_TARNAME}'
dvidir='${docdir}'
exec_prefix='${prefix}'
host='x86_64-apple-darwin17.4.0'
host_alias=''
host_cpu='x86_64'
host_os='darwin17.4.0'
host_vendor='apple'
htmldir='${docdir}'
includedir='${prefix}/include'
infodir='${datarootdir}/info'
install_sh='${SHELL} /Users/chaintope/work/bitcoin-0.15.1/src/univalue/build-aux/install-sh'
libdir='${exec_prefix}/lib'
libexecdir='${exec_prefix}/libexec'
localedir='${datarootdir}/locale'
localstatedir='${prefix}/var'
mandir='${datarootdir}/man'
mkdir_p='$(MKDIR_P)'
oldincludedir='/usr/include'
pdfdir='${docdir}'
prefix='/usr/local'
program_transform_name='s,x,x,'
psdir='${docdir}'
sbindir='${exec_prefix}/sbin'
sharedstatedir='${prefix}/com'
sysconfdir='${prefix}/etc'
target_alias=''

## ----------- ##
## confdefs.h. ##
## ----------- ##

/* confdefs.h */
#define PACKAGE_NAME "univalue"
#define PACKAGE_TARNAME "univalue"
#define PACKAGE_VERSION "1.0.2"
#define PACKAGE_STRING "univalue 1.0.2"
#define PACKAGE_BUGREPORT "http://github.com/jgarzik/univalue/"
#define PACKAGE_URL ""
#define PACKAGE "univalue"
#define VERSION "1.0.2"
#define STDC_HEADERS 1
#define HAVE_SYS_TYPES_H 1
#define HAVE_SYS_STAT_H 1
#define HAVE_STDLIB_H 1
#define HAVE_STRING_H 1
#define HAVE_MEMORY_H 1
#define HAVE_STRINGS_H 1
#define HAVE_INTTYPES_H 1
#define HAVE_STDINT_H 1
#define HAVE_UNISTD_H 1
#define HAVE_DLFCN_H 1
#define LT_OBJDIR ".libs/"

configure: exit 0
